<?xml version="1.0" encoding="UTF-8"?>
<!-- Generated by org.testng.reporters.JUnitXMLReporter -->
<testsuite ignored="0" hostname="Lakshmi" failures="0" tests="6" name="Command line test" time="0.137" errors="0" timestamp="2022-08-07T21:33:31 IST">
  <testcase classname="Mavenjava.appiumTest" name="AppiumTest" time="0.009"/>
  <testcase classname="Mavenjava.appiumTest" name="IOSApps" time="0.001"/>
  <testcase classname="Mavenjava.restApiTest" name="deleteTwitter" time="0.0"/>
  <testcase classname="Mavenjava.restApiTest" name="postjiraTest" time="0.001"/>
  <testcase classname="Mavenjava.seleniumTest" name="browserAutomation" time="0.001"/>
  <testcase classname="Mavenjava.seleniumTest" name="testSelenium" time="0.002"/>
</testsuite> <!-- Command line test -->
