<?xml version="1.0" encoding="UTF-8"?>
<testng-results ignored="0" total="6" passed="6" failed="0" skipped="0">
  <reporter-output>
  </reporter-output>
  <suite started-at="2022-08-07T21:33:31 IST" name="Command line suite" finished-at="2022-08-07T21:33:31 IST" duration-ms="137">
    <groups>
    </groups>
    <test started-at="2022-08-07T21:33:31 IST" name="Command line test" finished-at="2022-08-07T21:33:31 IST" duration-ms="137">
      <class name="Mavenjava.appiumTest">
        <test-method signature="AppiumTest()[pri:0, instance:Mavenjava.appiumTest@57d5872c]" started-at="2022-08-07T21:33:31 IST" name="AppiumTest" finished-at="2022-08-07T21:33:31 IST" duration-ms="9" status="PASS">
          <reporter-output>
          </reporter-output>
        </test-method> <!-- AppiumTest -->
        <test-method signature="IOSApps()[pri:0, instance:Mavenjava.appiumTest@57d5872c]" started-at="2022-08-07T21:33:31 IST" name="IOSApps" finished-at="2022-08-07T21:33:31 IST" duration-ms="1" status="PASS">
          <reporter-output>
          </reporter-output>
        </test-method> <!-- IOSApps -->
      </class> <!-- Mavenjava.appiumTest -->
      <class name="Mavenjava.seleniumTest">
        <test-method signature="browserAutomation()[pri:0, instance:Mavenjava.seleniumTest@52aa2946]" started-at="2022-08-07T21:33:31 IST" name="browserAutomation" finished-at="2022-08-07T21:33:31 IST" duration-ms="1" status="PASS">
          <reporter-output>
          </reporter-output>
        </test-method> <!-- browserAutomation -->
        <test-method signature="testSelenium()[pri:0, instance:Mavenjava.seleniumTest@52aa2946]" started-at="2022-08-07T21:33:31 IST" name="testSelenium" finished-at="2022-08-07T21:33:31 IST" duration-ms="2" status="PASS">
          <reporter-output>
          </reporter-output>
        </test-method> <!-- testSelenium -->
      </class> <!-- Mavenjava.seleniumTest -->
      <class name="Mavenjava.restApiTest">
        <test-method signature="deleteTwitter()[pri:0, instance:Mavenjava.restApiTest@75f9eccc]" started-at="2022-08-07T21:33:31 IST" name="deleteTwitter" finished-at="2022-08-07T21:33:31 IST" duration-ms="0" status="PASS">
          <reporter-output>
          </reporter-output>
        </test-method> <!-- deleteTwitter -->
        <test-method signature="postjiraTest()[pri:0, instance:Mavenjava.restApiTest@75f9eccc]" started-at="2022-08-07T21:33:31 IST" name="postjiraTest" finished-at="2022-08-07T21:33:31 IST" duration-ms="1" status="PASS">
          <reporter-output>
          </reporter-output>
        </test-method> <!-- postjiraTest -->
      </class> <!-- Mavenjava.restApiTest -->
    </test> <!-- Command line test -->
  </suite> <!-- Command line suite -->
</testng-results>
